-------------------------------------------------------------------------------
Test set: com.SofttechFinalProject.Softtech.Final.Project.SofttechFinalProjectApplicationTests
-------------------------------------------------------------------------------
Tests run: 1, Failures: 0, Errors: 1, Skipped: 0, Time elapsed: 4.457 s <<< FAILURE! - in com.SofttechFinalProject.Softtech.Final.Project.SofttechFinalProjectApplicationTests
contextLoads  Time elapsed: 0.011 s  <<< ERROR!
java.lang.IllegalStateException: Failed to load ApplicationContext
Caused by: org.springframework.beans.factory.UnsatisfiedDependencyException: Error creating bean with name 'userService' defined in file [D:\java_repos\bitirmeprojesi-MeftunH\target\classes\com\SofttechFinalProject\user\service\UserService.class]: Unsatisfied dependency expressed through constructor parameter 1; nested exception is org.springframework.beans.factory.NoSuchBeanDefinitionException: No qualifying bean of type 'com.SofttechFinalProject.user.converter.UserMapper' available: expected at least 1 bean which qualifies as autowire candidate. Dependency annotations: {}
Caused by: org.springframework.beans.factory.NoSuchBeanDefinitionException: No qualifying bean of type 'com.SofttechFinalProject.user.converter.UserMapper' available: expected at least 1 bean which qualifies as autowire candidate. Dependency annotations: {}

